c:\users\tdxx58c\desktop\minihv\temp\x64\debug\minihvex15\exports.obj
c:\users\tdxx58c\desktop\minihv\temp\x64\debug\minihvex15\isr.obj
c:\users\tdxx58c\desktop\minihv\temp\x64\debug\minihvex15\lib.obj
c:\users\tdxx58c\desktop\minihv\temp\x64\debug\minihvex15\lower_mem.obj
c:\users\tdxx58c\desktop\minihv\temp\x64\debug\minihvex15\vm_ops.obj
c:\users\tdxx58c\desktop\minihv\temp\x64\debug\minihvex15\_init32.obj
c:\users\tdxx58c\desktop\minihv\temp\x64\debug\minihvex15\hv_assert.nativecodeanalysis.xml
c:\users\tdxx58c\desktop\minihv\temp\x64\debug\minihvex15\hv_assert.obj
c:\users\tdxx58c\desktop\minihv\temp\x64\debug\minihvex15\init64.nativecodeanalysis.xml
c:\users\tdxx58c\desktop\minihv\temp\x64\debug\minihvex15\init64.obj
c:\users\tdxx58c\desktop\minihv\temp\x64\debug\minihvex15\acpi_osl.nativecodeanalysis.xml
c:\users\tdxx58c\desktop\minihv\temp\x64\debug\minihvex15\acpi_osl.obj
c:\users\tdxx58c\desktop\minihv\temp\x64\debug\minihvex15\init_asm.nativecodeanalysis.xml
c:\users\tdxx58c\desktop\minihv\temp\x64\debug\minihvex15\init_asm.obj
c:\users\tdxx58c\desktop\minihv\temp\x64\debug\minihvex15\segment.nativecodeanalysis.xml
c:\users\tdxx58c\desktop\minihv\temp\x64\debug\minihvex15\segment.obj
c:\users\tdxx58c\desktop\minihv\temp\x64\debug\minihvex15\vmx_operations.nativecodeanalysis.xml
c:\users\tdxx58c\desktop\minihv\temp\x64\debug\minihvex15\vmx_operations.obj
c:\users\tdxx58c\desktop\minihv\temp\x64\debug\minihvex15\display.nativecodeanalysis.xml
c:\users\tdxx58c\desktop\minihv\temp\x64\debug\minihvex15\display.obj
c:\users\tdxx58c\desktop\minihv\temp\x64\debug\minihvex15\dmp_vmcs.nativecodeanalysis.xml
c:\users\tdxx58c\desktop\minihv\temp\x64\debug\minihvex15\dmp_vmcs.obj
c:\users\tdxx58c\desktop\minihv\temp\x64\debug\minihvex15\check_input.nativecodeanalysis.xml
c:\users\tdxx58c\desktop\minihv\temp\x64\debug\minihvex15\check_input.obj
c:\users\tdxx58c\desktop\minihv\temp\x64\debug\minihvex15\dmp_multiboot.nativecodeanalysis.xml
c:\users\tdxx58c\desktop\minihv\temp\x64\debug\minihvex15\dmp_multiboot.obj
c:\users\tdxx58c\desktop\minihv\temp\x64\debug\minihvex15\vmmemory.nativecodeanalysis.xml
c:\users\tdxx58c\desktop\minihv\temp\x64\debug\minihvex15\vmmemory.obj
c:\users\tdxx58c\desktop\minihv\temp\x64\debug\minihvex15\acpi_interface.nativecodeanalysis.xml
c:\users\tdxx58c\desktop\minihv\temp\x64\debug\minihvex15\acpi_interface.obj
c:\users\tdxx58c\desktop\minihv\temp\x64\debug\minihvex15\dmp_pci.nativecodeanalysis.xml
c:\users\tdxx58c\desktop\minihv\temp\x64\debug\minihvex15\dmp_pci.obj
c:\users\tdxx58c\desktop\minihv\temp\x64\debug\minihvex15\pit.nativecodeanalysis.xml
c:\users\tdxx58c\desktop\minihv\temp\x64\debug\minihvex15\pit.obj
c:\users\tdxx58c\desktop\minihv\temp\x64\debug\minihvex15\vmcs.nativecodeanalysis.xml
c:\users\tdxx58c\desktop\minihv\temp\x64\debug\minihvex15\vmcs.obj
c:\users\tdxx58c\desktop\minihv\temp\x64\debug\minihvex15\dmp_cpu.nativecodeanalysis.xml
c:\users\tdxx58c\desktop\minihv\temp\x64\debug\minihvex15\dmp_cpu.obj
c:\users\tdxx58c\desktop\minihv\temp\x64\debug\minihvex15\hv_heap.nativecodeanalysis.xml
c:\users\tdxx58c\desktop\minihv\temp\x64\debug\minihvex15\hv_heap.obj
c:\users\tdxx58c\desktop\minihv\temp\x64\debug\minihvex15\vmexit.nativecodeanalysis.xml
c:\users\tdxx58c\desktop\minihv\temp\x64\debug\minihvex15\vmexit.obj
c:\users\tdxx58c\desktop\minihv\temp\x64\debug\minihvex15\apic.nativecodeanalysis.xml
c:\users\tdxx58c\desktop\minihv\temp\x64\debug\minihvex15\apic.obj
c:\users\tdxx58c\desktop\minihv\temp\x64\debug\minihvex15\int15_memory.nativecodeanalysis.xml
c:\users\tdxx58c\desktop\minihv\temp\x64\debug\minihvex15\int15_memory.obj
c:\users\tdxx58c\desktop\minihv\temp\x64\debug\minihvex15\paging_tables.nativecodeanalysis.xml
c:\users\tdxx58c\desktop\minihv\temp\x64\debug\minihvex15\paging_tables.obj
c:\users\tdxx58c\desktop\minihv\temp\x64\debug\minihvex15\vmx_capability.nativecodeanalysis.xml
c:\users\tdxx58c\desktop\minihv\temp\x64\debug\minihvex15\vmx_capability.obj
c:\users\tdxx58c\desktop\minihv\temp\x64\debug\minihvex15\dmp_memory.nativecodeanalysis.xml
c:\users\tdxx58c\desktop\minihv\temp\x64\debug\minihvex15\dmp_memory.obj
c:\users\tdxx58c\desktop\minihv\temp\x64\debug\minihvex15\serial.nativecodeanalysis.xml
c:\users\tdxx58c\desktop\minihv\temp\x64\debug\minihvex15\serial.obj
c:\users\tdxx58c\desktop\minihv\temp\x64\debug\minihvex15\dmp_apic.nativecodeanalysis.xml
c:\users\tdxx58c\desktop\minihv\temp\x64\debug\minihvex15\dmp_apic.obj
c:\users\tdxx58c\desktop\minihv\temp\x64\debug\minihvex15\mtrr.nativecodeanalysis.xml
c:\users\tdxx58c\desktop\minihv\temp\x64\debug\minihvex15\mtrr.obj
c:\users\tdxx58c\desktop\minihv\temp\x64\debug\minihvex15\dmp_minihv.nativecodeanalysis.xml
c:\users\tdxx58c\desktop\minihv\temp\x64\debug\minihvex15\dmp_minihv.obj
c:\users\tdxx58c\desktop\minihv\temp\x64\debug\minihvex15\idt_handlers.nativecodeanalysis.xml
c:\users\tdxx58c\desktop\minihv\temp\x64\debug\minihvex15\idt_handlers.obj
c:\users\tdxx58c\desktop\minihv\temp\x64\debug\minihvex15\dmp_common.nativecodeanalysis.xml
c:\users\tdxx58c\desktop\minihv\temp\x64\debug\minihvex15\dmp_common.obj
c:\users\tdxx58c\desktop\minihv\temp\x64\debug\minihvex15\dmp_mtrr.nativecodeanalysis.xml
c:\users\tdxx58c\desktop\minihv\temp\x64\debug\minihvex15\dmp_mtrr.obj
c:\users\tdxx58c\desktop\minihv\temp\x64\debug\minihvex15\lock.nativecodeanalysis.xml
c:\users\tdxx58c\desktop\minihv\temp\x64\debug\minihvex15\lock.obj
c:\users\tdxx58c\desktop\minihv\temp\x64\debug\minihvex15\task.nativecodeanalysis.xml
c:\users\tdxx58c\desktop\minihv\temp\x64\debug\minihvex15\task.obj
c:\users\tdxx58c\desktop\minihv\temp\x64\debug\minihvex15\cpumu.nativecodeanalysis.xml
c:\users\tdxx58c\desktop\minihv\temp\x64\debug\minihvex15\cpumu.obj
c:\users\tdxx58c\desktop\minihv\temp\x64\debug\minihvex15\idt.nativecodeanalysis.xml
c:\users\tdxx58c\desktop\minihv\temp\x64\debug\minihvex15\idt.obj
c:\users\tdxx58c\desktop\minihv\temp\x64\debug\minihvex15\pci.nativecodeanalysis.xml
c:\users\tdxx58c\desktop\minihv\temp\x64\debug\minihvex15\pci.obj
c:\users\tdxx58c\desktop\minihv\temp\x64\debug\minihvex15\vmguest.nativecodeanalysis.xml
c:\users\tdxx58c\desktop\minihv\temp\x64\debug\minihvex15\vmguest.obj
c:\users\tdxx58c\desktop\minihv\temp\x64\debug\minihvex15\vc141.pdb
c:\users\tdxx58c\desktop\minihv\bin\x64\debug\minihvex15\minihvex.bin
c:\users\tdxx58c\desktop\minihv\bin\x64\debug\minihvex15\minihvex.map
c:\users\tdxx58c\desktop\minihv\bin\x64\debug\minihvex15\minihvex.pdb
c:\users\tdxx58c\desktop\minihv\temp\x64\debug\minihvex15\minihvex15.write.1.tlog
c:\users\tdxx58c\desktop\minihv\temp\x64\debug\minihvex15\nativecodeanalysis.read.1.tlog
c:\users\tdxx58c\desktop\minihv\temp\x64\debug\minihvex15\vc.nativecodeanalysis.all.xml
c:\users\tdxx58c\desktop\minihv\src\..\bin\x64\debug\minihvex15\minihvex.pdb
c:\users\tdxx58c\desktop\minihv\src\..\bin\x64\debug\minihvex15\minihvex.bin
c:\users\tdxx58c\desktop\minihv\src\..\bin\x64\debug\minihvex15\minihvex.bin.lastcodeanalysissucceeded
c:\users\tdxx58c\desktop\minihv\temp\x64\debug\minihvex15\minihvex15.tlog\cl.15988.write.1.tlog
c:\users\tdxx58c\desktop\minihv\temp\x64\debug\minihvex15\minihvex15.tlog\cl.command.1.tlog
c:\users\tdxx58c\desktop\minihv\temp\x64\debug\minihvex15\minihvex15.tlog\cl.read.1.tlog
c:\users\tdxx58c\desktop\minihv\temp\x64\debug\minihvex15\minihvex15.tlog\link.command.1.tlog
c:\users\tdxx58c\desktop\minihv\temp\x64\debug\minihvex15\minihvex15.tlog\link.read.1.tlog
c:\users\tdxx58c\desktop\minihv\temp\x64\debug\minihvex15\minihvex15.tlog\link.write.1.tlog
