  src\_gs_checks.yasm
  assert.c
  bitmap.c
  cl_algorithm.c
  cl_heap.c
  common_lib.c
  event.c
  gs_checks.c
  gs_utils.c
  hash_table.c
  intutils.c
  list.c
  lock_common.c
  cl_memory.c
  monlock.c
  rec_rw_spinlock.c
  ref_cnt.c
  rtc_checks.c
  rw_spinlock.c
  seh.c
  spinlock.c
  cl_string.c
  stack_dynamic.c
  stack_interface.c
  strutils.c
  time.c
  CommonLib.vcxproj -> C:\Users\TDXX58C\Desktop\MiniHV\src\..\bin\x64\Debug\CommonLib\CommonLib.lib
c:\users\tdxx58c\desktop\minihv\src\commonlib\src\cl_algorithm.c(32): warning C26451: Arithmetic overflow: Using operator '*' on a 4 byte value and then casting the result to a 8 byte value. Cast the value to the wider type before calling operator '*' to avoid overflow (io.2).
c:\users\tdxx58c\desktop\minihv\src\commonlib\src\cl_algorithm.c(38): warning C26451: Arithmetic overflow: Using operator '*' on a 4 byte value and then casting the result to a 8 byte value. Cast the value to the wider type before calling operator '*' to avoid overflow (io.2).
c:\users\tdxx58c\desktop\minihv\src\commonlib\src\cl_algorithm.c(63): warning C26451: Arithmetic overflow: Using operator '*' on a 4 byte value and then casting the result to a 8 byte value. Cast the value to the wider type before calling operator '*' to avoid overflow (io.2).
c:\users\tdxx58c\desktop\minihv\src\commonlib\src\cl_algorithm.c(63): warning C26451: Arithmetic overflow: Using operator '*' on a 4 byte value and then casting the result to a 8 byte value. Cast the value to the wider type before calling operator '*' to avoid overflow (io.2).
c:\users\tdxx58c\desktop\minihv\src\commonlib\src\rec_rw_spinlock.c(32): warning C26165: Possibly failing to release lock '* Spinlock' in function 'RecRwSpinlockAcquire'.
c:\users\tdxx58c\desktop\minihv\src\commonlib\src\rec_rw_spinlock.c(77): warning C26165: Possibly failing to release lock '* Spinlock' in function 'RecRwSpinlockRelease'.
