c:\users\tdxx58c\desktop\minihv\temp\x64\debug\commonlib\_gs_checks.obj
c:\users\tdxx58c\desktop\minihv\temp\x64\debug\commonlib\assert.nativecodeanalysis.xml
c:\users\tdxx58c\desktop\minihv\temp\x64\debug\commonlib\assert.obj
c:\users\tdxx58c\desktop\minihv\temp\x64\debug\commonlib\monlock.nativecodeanalysis.xml
c:\users\tdxx58c\desktop\minihv\temp\x64\debug\commonlib\monlock.obj
c:\users\tdxx58c\desktop\minihv\temp\x64\debug\commonlib\gs_checks.nativecodeanalysis.xml
c:\users\tdxx58c\desktop\minihv\temp\x64\debug\commonlib\gs_checks.obj
c:\users\tdxx58c\desktop\minihv\temp\x64\debug\commonlib\seh.nativecodeanalysis.xml
c:\users\tdxx58c\desktop\minihv\temp\x64\debug\commonlib\seh.obj
c:\users\tdxx58c\desktop\minihv\temp\x64\debug\commonlib\gs_utils.nativecodeanalysis.xml
c:\users\tdxx58c\desktop\minihv\temp\x64\debug\commonlib\gs_utils.obj
c:\users\tdxx58c\desktop\minihv\temp\x64\debug\commonlib\ref_cnt.nativecodeanalysis.xml
c:\users\tdxx58c\desktop\minihv\temp\x64\debug\commonlib\ref_cnt.obj
c:\users\tdxx58c\desktop\minihv\temp\x64\debug\commonlib\cl_algorithm.nativecodeanalysis.xml
c:\users\tdxx58c\desktop\minihv\temp\x64\debug\commonlib\cl_algorithm.obj
c:\users\tdxx58c\desktop\minihv\temp\x64\debug\commonlib\rw_spinlock.nativecodeanalysis.xml
c:\users\tdxx58c\desktop\minihv\temp\x64\debug\commonlib\rw_spinlock.obj
c:\users\tdxx58c\desktop\minihv\temp\x64\debug\commonlib\list.nativecodeanalysis.xml
c:\users\tdxx58c\desktop\minihv\temp\x64\debug\commonlib\list.obj
c:\users\tdxx58c\desktop\minihv\temp\x64\debug\commonlib\spinlock.nativecodeanalysis.xml
c:\users\tdxx58c\desktop\minihv\temp\x64\debug\commonlib\spinlock.obj
c:\users\tdxx58c\desktop\minihv\temp\x64\debug\commonlib\intutils.nativecodeanalysis.xml
c:\users\tdxx58c\desktop\minihv\temp\x64\debug\commonlib\intutils.obj
c:\users\tdxx58c\desktop\minihv\temp\x64\debug\commonlib\rec_rw_spinlock.nativecodeanalysis.xml
c:\users\tdxx58c\desktop\minihv\temp\x64\debug\commonlib\rec_rw_spinlock.obj
c:\users\tdxx58c\desktop\minihv\temp\x64\debug\commonlib\lock_common.nativecodeanalysis.xml
c:\users\tdxx58c\desktop\minihv\temp\x64\debug\commonlib\lock_common.obj
c:\users\tdxx58c\desktop\minihv\temp\x64\debug\commonlib\time.nativecodeanalysis.xml
c:\users\tdxx58c\desktop\minihv\temp\x64\debug\commonlib\time.obj
c:\users\tdxx58c\desktop\minihv\temp\x64\debug\commonlib\event.nativecodeanalysis.xml
c:\users\tdxx58c\desktop\minihv\temp\x64\debug\commonlib\event.obj
c:\users\tdxx58c\desktop\minihv\temp\x64\debug\commonlib\rtc_checks.nativecodeanalysis.xml
c:\users\tdxx58c\desktop\minihv\temp\x64\debug\commonlib\rtc_checks.obj
c:\users\tdxx58c\desktop\minihv\temp\x64\debug\commonlib\hash_table.nativecodeanalysis.xml
c:\users\tdxx58c\desktop\minihv\temp\x64\debug\commonlib\hash_table.obj
c:\users\tdxx58c\desktop\minihv\temp\x64\debug\commonlib\stack_dynamic.nativecodeanalysis.xml
c:\users\tdxx58c\desktop\minihv\temp\x64\debug\commonlib\stack_dynamic.obj
c:\users\tdxx58c\desktop\minihv\temp\x64\debug\commonlib\common_lib.nativecodeanalysis.xml
c:\users\tdxx58c\desktop\minihv\temp\x64\debug\commonlib\common_lib.obj
c:\users\tdxx58c\desktop\minihv\temp\x64\debug\commonlib\cl_string.nativecodeanalysis.xml
c:\users\tdxx58c\desktop\minihv\temp\x64\debug\commonlib\cl_string.obj
c:\users\tdxx58c\desktop\minihv\temp\x64\debug\commonlib\cl_heap.nativecodeanalysis.xml
c:\users\tdxx58c\desktop\minihv\temp\x64\debug\commonlib\cl_heap.obj
c:\users\tdxx58c\desktop\minihv\temp\x64\debug\commonlib\stack_interface.nativecodeanalysis.xml
c:\users\tdxx58c\desktop\minihv\temp\x64\debug\commonlib\stack_interface.obj
c:\users\tdxx58c\desktop\minihv\temp\x64\debug\commonlib\bitmap.nativecodeanalysis.xml
c:\users\tdxx58c\desktop\minihv\temp\x64\debug\commonlib\bitmap.obj
c:\users\tdxx58c\desktop\minihv\temp\x64\debug\commonlib\cl_memory.nativecodeanalysis.xml
c:\users\tdxx58c\desktop\minihv\temp\x64\debug\commonlib\cl_memory.obj
c:\users\tdxx58c\desktop\minihv\temp\x64\debug\commonlib\strutils.nativecodeanalysis.xml
c:\users\tdxx58c\desktop\minihv\temp\x64\debug\commonlib\strutils.obj
c:\users\tdxx58c\desktop\minihv\temp\x64\debug\commonlib\commonlib.pdb
c:\users\tdxx58c\desktop\minihv\bin\x64\debug\commonlib\commonlib.lib
c:\users\tdxx58c\desktop\minihv\temp\x64\debug\commonlib\commonlib.write.1.tlog
c:\users\tdxx58c\desktop\minihv\temp\x64\debug\commonlib\nativecodeanalysis.read.1.tlog
c:\users\tdxx58c\desktop\minihv\temp\x64\debug\commonlib\vc.nativecodeanalysis.all.xml
c:\users\tdxx58c\desktop\minihv\src\..\bin\x64\debug\commonlib\commonlib.pdb
c:\users\tdxx58c\desktop\minihv\src\..\bin\x64\debug\commonlib\commonlib.lib
c:\users\tdxx58c\desktop\minihv\src\..\bin\x64\debug\commonlib\commonlib.lib.lastcodeanalysissucceeded
c:\users\tdxx58c\desktop\minihv\temp\x64\debug\commonlib\commonlib.tlog\cl.11804.write.1.tlog
c:\users\tdxx58c\desktop\minihv\temp\x64\debug\commonlib\commonlib.tlog\cl.command.1.tlog
c:\users\tdxx58c\desktop\minihv\temp\x64\debug\commonlib\commonlib.tlog\cl.read.1.tlog
c:\users\tdxx58c\desktop\minihv\temp\x64\debug\commonlib\commonlib.tlog\lib-link.read.1.tlog
c:\users\tdxx58c\desktop\minihv\temp\x64\debug\commonlib\commonlib.tlog\lib-link.write.1.tlog
c:\users\tdxx58c\desktop\minihv\temp\x64\debug\commonlib\commonlib.tlog\lib.command.1.tlog
