c:\users\tdxx58c\desktop\minihv\temp\x64\debug\hal\_exports.obj
c:\users\tdxx58c\desktop\minihv\temp\x64\debug\hal\hal.nativecodeanalysis.xml
c:\users\tdxx58c\desktop\minihv\temp\x64\debug\hal\hal.obj
c:\users\tdxx58c\desktop\minihv\temp\x64\debug\hal\tss.nativecodeanalysis.xml
c:\users\tdxx58c\desktop\minihv\temp\x64\debug\hal\tss.obj
c:\users\tdxx58c\desktop\minihv\temp\x64\debug\hal\gdt.nativecodeanalysis.xml
c:\users\tdxx58c\desktop\minihv\temp\x64\debug\hal\gdt.obj
c:\users\tdxx58c\desktop\minihv\temp\x64\debug\hal\pci.nativecodeanalysis.xml
c:\users\tdxx58c\desktop\minihv\temp\x64\debug\hal\pci.obj
c:\users\tdxx58c\desktop\minihv\temp\x64\debug\hal\pci_device.nativecodeanalysis.xml
c:\users\tdxx58c\desktop\minihv\temp\x64\debug\hal\pci_device.obj
c:\users\tdxx58c\desktop\minihv\temp\x64\debug\hal\pic.nativecodeanalysis.xml
c:\users\tdxx58c\desktop\minihv\temp\x64\debug\hal\pic.obj
c:\users\tdxx58c\desktop\minihv\temp\x64\debug\hal\serial.nativecodeanalysis.xml
c:\users\tdxx58c\desktop\minihv\temp\x64\debug\hal\serial.obj
c:\users\tdxx58c\desktop\minihv\temp\x64\debug\hal\pcie.nativecodeanalysis.xml
c:\users\tdxx58c\desktop\minihv\temp\x64\debug\hal\pcie.obj
c:\users\tdxx58c\desktop\minihv\temp\x64\debug\hal\hw_fpu.nativecodeanalysis.xml
c:\users\tdxx58c\desktop\minihv\temp\x64\debug\hal\hw_fpu.obj
c:\users\tdxx58c\desktop\minihv\temp\x64\debug\hal\pte.nativecodeanalysis.xml
c:\users\tdxx58c\desktop\minihv\temp\x64\debug\hal\pte.obj
c:\users\tdxx58c\desktop\minihv\temp\x64\debug\hal\pit.nativecodeanalysis.xml
c:\users\tdxx58c\desktop\minihv\temp\x64\debug\hal\pit.obj
c:\users\tdxx58c\desktop\minihv\temp\x64\debug\hal\lapic.nativecodeanalysis.xml
c:\users\tdxx58c\desktop\minihv\temp\x64\debug\hal\lapic.obj
c:\users\tdxx58c\desktop\minihv\temp\x64\debug\hal\cmos.nativecodeanalysis.xml
c:\users\tdxx58c\desktop\minihv\temp\x64\debug\hal\cmos.obj
c:\users\tdxx58c\desktop\minihv\temp\x64\debug\hal\rtc.nativecodeanalysis.xml
c:\users\tdxx58c\desktop\minihv\temp\x64\debug\hal\rtc.obj
c:\users\tdxx58c\desktop\minihv\temp\x64\debug\hal\idt.nativecodeanalysis.xml
c:\users\tdxx58c\desktop\minihv\temp\x64\debug\hal\idt.obj
c:\users\tdxx58c\desktop\minihv\temp\x64\debug\hal\vmx.nativecodeanalysis.xml
c:\users\tdxx58c\desktop\minihv\temp\x64\debug\hal\vmx.obj
c:\users\tdxx58c\desktop\minihv\temp\x64\debug\hal\ioapic.nativecodeanalysis.xml
c:\users\tdxx58c\desktop\minihv\temp\x64\debug\hal\ioapic.obj
c:\users\tdxx58c\desktop\minihv\temp\x64\debug\hal\hal.pdb
c:\users\tdxx58c\desktop\minihv\bin\x64\debug\hal\hal.lib
c:\users\tdxx58c\desktop\minihv\temp\x64\debug\hal\hal.write.1.tlog
c:\users\tdxx58c\desktop\minihv\temp\x64\debug\hal\nativecodeanalysis.read.1.tlog
c:\users\tdxx58c\desktop\minihv\temp\x64\debug\hal\vc.nativecodeanalysis.all.xml
c:\users\tdxx58c\desktop\minihv\src\..\bin\x64\debug\hal\hal.pdb
c:\users\tdxx58c\desktop\minihv\src\..\bin\x64\debug\hal\hal.lib
c:\users\tdxx58c\desktop\minihv\src\..\bin\x64\debug\hal\hal.lib.lastcodeanalysissucceeded
c:\users\tdxx58c\desktop\minihv\temp\x64\debug\hal\hal.tlog\cl.12420.write.1.tlog
c:\users\tdxx58c\desktop\minihv\temp\x64\debug\hal\hal.tlog\cl.command.1.tlog
c:\users\tdxx58c\desktop\minihv\temp\x64\debug\hal\hal.tlog\cl.read.1.tlog
c:\users\tdxx58c\desktop\minihv\temp\x64\debug\hal\hal.tlog\lib-link.read.1.tlog
c:\users\tdxx58c\desktop\minihv\temp\x64\debug\hal\hal.tlog\lib-link.write.1.tlog
c:\users\tdxx58c\desktop\minihv\temp\x64\debug\hal\hal.tlog\lib.command.1.tlog
